[01.05.23|09:48:38] Folder: "/db" FOUND
[01.05.23|09:48:38] DATABASE: "users.db" FOUND
[01.05.23|09:48:38] TABLE: "Users" FOUND
[01.05.23|09:48:38] DATABASE: "posts.db" FOUND
[01.05.23|09:48:38] TABLE: "Posts" FOUND
[01.05.23|09:48:38] DATABASE: "comments.db" FOUND
[01.05.23|09:48:38] TABLE: "Comments" FOUND
[01.05.23|09:48:39] Folder: "/db" FOUND
[01.05.23|09:48:39] DATABASE: "users.db" FOUND
[01.05.23|09:48:39] TABLE: "Users" FOUND
[01.05.23|09:48:39] DATABASE: "posts.db" FOUND
[01.05.23|09:48:39] TABLE: "Posts" FOUND
[01.05.23|09:48:39] DATABASE: "comments.db" FOUND
[01.05.23|09:48:39] TABLE: "Comments" FOUND
[01.05.23|09:49:20] USER: "Worldof_mayur7" ADDED TO DATABASE
[01.05.23|09:49:39] 1 POINTS ADDED TO "Worldof_mayur7"
[01.05.23|09:49:39] USER: "Worldof_mayur7" LOGGED IN
[01.05.23|09:50:23] POST: "Continental GT 650" POSTED
[01.05.23|09:50:23] 20 POINTS ADDED TO "Worldof_mayur7"
[01.05.23|09:50:33] USER: "worldof_mayur7" FOUND
[01.05.23|09:50:33] USER: "worldof_mayur7"s PAGE LOADED
[01.05.23|09:50:42] USER: "worldof_mayur7" FOUND
[01.05.23|09:50:42] USER: "worldof_mayur7"s PAGE LOADED
[01.05.23|09:50:49] POST: "5" FOUND
[01.05.23|09:55:51] Folder: "/db" FOUND
[01.05.23|09:55:51] DATABASE: "users.db" FOUND
[01.05.23|09:55:51] TABLE: "Users" FOUND
[01.05.23|09:55:51] DATABASE: "posts.db" FOUND
[01.05.23|09:55:51] TABLE: "Posts" FOUND
[01.05.23|09:55:51] DATABASE: "comments.db" FOUND
[01.05.23|09:55:51] TABLE: "Comments" FOUND
[01.05.23|09:55:51] Folder: "/db" FOUND
[01.05.23|09:55:51] DATABASE: "users.db" FOUND
[01.05.23|09:55:51] TABLE: "Users" FOUND
[01.05.23|09:55:51] DATABASE: "posts.db" FOUND
[01.05.23|09:55:51] TABLE: "Posts" FOUND
[01.05.23|09:55:51] DATABASE: "comments.db" FOUND
[01.05.23|09:55:51] TABLE: "Comments" FOUND
[01.05.23|09:56:21] USER: "worldof_mayur7" FOUND
[01.05.23|09:56:21] USER: "worldof_mayur7"s PAGE LOADED
[01.05.23|09:56:29] USER: "worldof_mayur7" FOUND
[01.05.23|09:56:29] USER: "worldof_mayur7"s PAGE LOADED
[01.05.23|09:56:36] USER: "worldof_mayur7" FOUND
[01.05.23|09:56:36] USER: "worldof_mayur7"s PAGE LOADED
[01.05.23|09:56:44] POST: "5" FOUND
[01.05.23|09:56:50] USER: "worldof_mayur7" FOUND
[01.05.23|09:56:50] USER: "worldof_mayur7"s PAGE LOADED
[01.05.23|09:57:01] USER: "Worldof_mayur7" DELETED
[01.05.23|09:57:17] POST: "5" FOUND
[01.05.23|09:59:01] POST: "4" FOUND
[01.05.23|10:02:16] Folder: "/db" FOUND
[01.05.23|10:02:16] DATABASE: "users.db" FOUND
[01.05.23|10:02:16] TABLE: "Users" FOUND
[01.05.23|10:02:16] DATABASE: "posts.db" FOUND
[01.05.23|10:02:16] TABLE: "Posts" FOUND
[01.05.23|10:02:16] DATABASE: "comments.db" FOUND
[01.05.23|10:02:16] TABLE: "Comments" FOUND
[01.05.23|10:02:16] Folder: "/db" FOUND
[01.05.23|10:02:16] DATABASE: "users.db" FOUND
[01.05.23|10:02:16] TABLE: "Users" FOUND
[01.05.23|10:02:16] DATABASE: "posts.db" FOUND
[01.05.23|10:02:16] TABLE: "Posts" FOUND
[01.05.23|10:02:16] DATABASE: "comments.db" FOUND
[01.05.23|10:02:16] TABLE: "Comments" FOUND
[01.05.23|10:02:55] 1 POINTS ADDED TO "Worldof_mayur7"
[01.05.23|10:02:55] USER: "Worldof_mayur7" LOGGED IN
[01.05.23|10:03:04] USER: "worldof_mayur7" FOUND
[01.05.23|10:03:04] USER: "worldof_mayur7"s PAGE LOADED
[01.05.23|10:03:35] NEW PASSWORD CANT BE SAME WITH OLD PASSWORD
[01.05.23|10:04:00] USER: "Worldof_mayur7" CHANGED HIS PASSWORD
[01.05.23|10:04:00] 404
[01.05.23|10:04:24] WRONG PASSWORD
[01.05.23|10:04:33] 1 POINTS ADDED TO "Worldof_mayur7"
[01.05.23|10:04:33] USER: "Worldof_mayur7" LOGGED IN
[01.05.23|10:04:58] USER: "Worldof_mayur7" LOGGED OUT
[01.05.23|10:09:53] 1 POINTS ADDED TO "Worldof_mayur7"
[01.05.23|10:09:53] USER: "Worldof_mayur7" LOGGED IN
[01.05.23|10:11:09] USER: "worldof_mayur7" FOUND
[01.05.23|10:11:09] USER: "worldof_mayur7"s PAGE LOADED
[01.05.23|10:16:02] 404
[01.05.23|10:16:18] USER: "worldof_mayur7" FOUND
[01.05.23|10:16:18] USER: "worldof_mayur7"s PAGE LOADED
[01.05.23|10:16:38] 404
[01.05.23|10:16:43] 404
[01.05.23|10:17:00] USER: "worldof_mayur7" FOUND
[01.05.23|10:17:00] USER: "worldof_mayur7"s PAGE LOADED
[01.05.23|10:17:14] 404
[01.05.23|10:25:06] Folder: "/db" FOUND
[01.05.23|10:25:06] DATABASE: "users.db" FOUND
[01.05.23|10:25:06] TABLE: "Users" FOUND
[01.05.23|10:25:06] DATABASE: "posts.db" FOUND
[01.05.23|10:25:06] TABLE: "Posts" FOUND
[01.05.23|10:25:06] DATABASE: "comments.db" FOUND
[01.05.23|10:25:06] TABLE: "Comments" FOUND
[01.05.23|10:25:06] Folder: "/db" FOUND
[01.05.23|10:25:06] DATABASE: "users.db" FOUND
[01.05.23|10:25:06] TABLE: "Users" FOUND
[01.05.23|10:25:06] DATABASE: "posts.db" FOUND
[01.05.23|10:25:06] TABLE: "Posts" FOUND
[01.05.23|10:25:06] DATABASE: "comments.db" FOUND
[01.05.23|10:25:06] TABLE: "Comments" FOUND
[01.05.23|10:39:17] Folder: "/db" FOUND
[01.05.23|10:39:17] DATABASE: "users.db" FOUND
[01.05.23|10:39:17] TABLE: "Users" FOUND
[01.05.23|10:39:17] DATABASE: "posts.db" FOUND
[01.05.23|10:39:17] TABLE: "Posts" FOUND
[01.05.23|10:39:17] DATABASE: "comments.db" FOUND
[01.05.23|10:39:17] TABLE: "Comments" FOUND
[01.05.23|10:39:18] Folder: "/db" FOUND
[01.05.23|10:39:18] DATABASE: "users.db" FOUND
[01.05.23|10:39:18] TABLE: "Users" FOUND
[01.05.23|10:39:18] DATABASE: "posts.db" FOUND
[01.05.23|10:39:18] TABLE: "Posts" FOUND
[01.05.23|10:39:18] DATABASE: "comments.db" FOUND
[01.05.23|10:39:18] TABLE: "Comments" FOUND
[01.05.23|13:07:39] Folder: "/db" FOUND
[01.05.23|13:07:39] DATABASE: "users.db" FOUND
[01.05.23|13:07:40] TABLE: "Users" FOUND
[01.05.23|13:07:40] DATABASE: "posts.db" FOUND
[01.05.23|13:07:40] TABLE: "Posts" FOUND
[01.05.23|13:07:40] DATABASE: "comments.db" FOUND
[01.05.23|13:07:40] TABLE: "Comments" FOUND
[01.05.23|13:07:40] Folder: "/db" FOUND
[01.05.23|13:07:40] DATABASE: "users.db" FOUND
[01.05.23|13:07:40] TABLE: "Users" FOUND
[01.05.23|13:07:40] DATABASE: "posts.db" FOUND
[01.05.23|13:07:40] TABLE: "Posts" FOUND
[01.05.23|13:07:40] DATABASE: "comments.db" FOUND
[01.05.23|13:07:40] TABLE: "Comments" FOUND
[01.05.23|13:40:22] Folder: "/db" FOUND
[01.05.23|13:40:22] DATABASE: "users.db" FOUND
[01.05.23|13:40:22] TABLE: "Users" FOUND
[01.05.23|13:40:22] DATABASE: "posts.db" FOUND
[01.05.23|13:40:22] TABLE: "Posts" FOUND
[01.05.23|13:40:22] DATABASE: "comments.db" FOUND
[01.05.23|13:40:22] TABLE: "Comments" FOUND
[01.05.23|13:40:22] Folder: "/db" FOUND
[01.05.23|13:40:22] DATABASE: "users.db" FOUND
[01.05.23|13:40:22] TABLE: "Users" FOUND
[01.05.23|13:40:22] DATABASE: "posts.db" FOUND
[01.05.23|13:40:22] TABLE: "Posts" FOUND
[01.05.23|13:40:22] DATABASE: "comments.db" FOUND
[01.05.23|13:40:22] TABLE: "Comments" FOUND
[02.05.23|08:02:05] Folder: "/db" FOUND
[02.05.23|08:02:05] DATABASE: "users.db" FOUND
[02.05.23|08:02:05] TABLE: "Users" FOUND
[02.05.23|08:02:05] DATABASE: "posts.db" FOUND
[02.05.23|08:02:05] TABLE: "Posts" FOUND
[02.05.23|08:02:05] DATABASE: "comments.db" FOUND
[02.05.23|08:02:05] TABLE: "Comments" FOUND
[02.05.23|08:02:06] Folder: "/db" FOUND
[02.05.23|08:02:06] DATABASE: "users.db" FOUND
[02.05.23|08:02:06] TABLE: "Users" FOUND
[02.05.23|08:02:06] DATABASE: "posts.db" FOUND
[02.05.23|08:02:06] TABLE: "Posts" FOUND
[02.05.23|08:02:06] DATABASE: "comments.db" FOUND
[02.05.23|08:02:06] TABLE: "Comments" FOUND
[02.05.23|08:03:21] USER: "its_naru" ADDED TO DATABASE
[02.05.23|08:03:47] 1 POINTS ADDED TO "its_naru"
[02.05.23|08:03:47] USER: "its_naru" LOGGED IN
[02.05.23|08:04:52] POST: "fdfd" POSTED
[02.05.23|08:04:52] 20 POINTS ADDED TO "its_naru"
[02.05.23|08:04:59] POST: "6" FOUND
[02.05.23|08:05:09] USER: "its_naru" FOUND
[02.05.23|08:05:09] USER: "its_naru"s PAGE LOADED
[02.05.23|08:05:49] USER: "its_naru" LOGGED OUT
[04.05.23|01:45:33] Folder: "/db" FOUND
[04.05.23|01:45:33] DATABASE: "users.db" FOUND
[04.05.23|01:45:33] TABLE: "Users" FOUND
[04.05.23|01:45:33] DATABASE: "posts.db" FOUND
[04.05.23|01:45:33] TABLE: "Posts" FOUND
[04.05.23|01:45:33] DATABASE: "comments.db" FOUND
[04.05.23|01:45:33] TABLE: "Comments" FOUND
[04.05.23|01:45:34] Folder: "/db" FOUND
[04.05.23|01:45:34] DATABASE: "users.db" FOUND
[04.05.23|01:45:34] TABLE: "Users" FOUND
[04.05.23|01:45:34] DATABASE: "posts.db" FOUND
[04.05.23|01:45:34] TABLE: "Posts" FOUND
[04.05.23|01:45:34] DATABASE: "comments.db" FOUND
[04.05.23|01:45:34] TABLE: "Comments" FOUND
[04.05.23|01:49:16] USER: "theboy.ganesh" ADDED TO DATABASE
[04.05.23|01:49:29] 1 POINTS ADDED TO "theboy.ganesh"
[04.05.23|01:49:29] USER: "theboy.ganesh" LOGGED IN
[04.05.23|01:49:57] POST: "This Is Ganesh" POSTED
[04.05.23|01:49:57] 20 POINTS ADDED TO "theboy.ganesh"
[04.05.23|01:50:00] USER: "theboy.ganesh" FOUND
[04.05.23|01:50:00] USER: "theboy.ganesh"s PAGE LOADED
[04.05.23|01:50:14] POST: "7" FOUND
[04.05.23|01:50:32] USER: "theboy.ganesh" FOUND
[04.05.23|01:50:32] USER: "theboy.ganesh"s PAGE LOADED
[04.05.23|01:50:43] USER: "theboy.ganesh" LOGGED OUT
[04.05.23|15:42:24] Folder: "/db" FOUND
[04.05.23|15:42:24] DATABASE: "users.db" FOUND
[04.05.23|15:42:24] TABLE: "Users" FOUND
[04.05.23|15:42:24] DATABASE: "posts.db" FOUND
[04.05.23|15:42:24] TABLE: "Posts" FOUND
[04.05.23|15:42:24] DATABASE: "comments.db" FOUND
[04.05.23|15:42:24] TABLE: "Comments" FOUND
[04.05.23|15:42:24] Folder: "/db" FOUND
[04.05.23|15:42:24] DATABASE: "users.db" FOUND
[04.05.23|15:42:24] TABLE: "Users" FOUND
[04.05.23|15:42:24] DATABASE: "posts.db" FOUND
[04.05.23|15:42:24] TABLE: "Posts" FOUND
[04.05.23|15:42:24] DATABASE: "comments.db" FOUND
[04.05.23|15:42:24] TABLE: "Comments" FOUND
[04.05.23|15:43:56] USER: "ruhii7" ADDED TO DATABASE
[04.05.23|15:44:19] USER: "Ruhiii" NOT FOUND
[04.05.23|15:44:29] USER: "Ruhii" NOT FOUND
[04.05.23|15:44:37] USER: "Ruhi" NOT FOUND
[04.05.23|15:44:47] USER: "ruhii" NOT FOUND
[04.05.23|15:44:54] USER: "ruhiii" NOT FOUND
[04.05.23|15:45:44] USER: "Rohini_123" ADDED TO DATABASE
[04.05.23|15:45:58] 1 POINTS ADDED TO "Rohini_123"
[04.05.23|15:45:58] USER: "Rohini_123" LOGGED IN
[04.05.23|15:47:32] POST: "This Is Rohini" POSTED
[04.05.23|15:47:32] 20 POINTS ADDED TO "Rohini_123"
[04.05.23|15:47:58] POST: "8" FOUND
[04.05.23|15:47:59] USER: "rohini_123" FOUND
[04.05.23|15:47:59] USER: "rohini_123"s PAGE LOADED
[04.05.23|15:48:40] USER: "rohini_123" FOUND
[04.05.23|15:48:40] USER: "rohini_123"s PAGE LOADED
[04.05.23|15:49:51] USER: "Rohini_123" LOGGED OUT
[06.05.23|13:03:41] Folder: "/db" FOUND
[06.05.23|13:03:41] DATABASE: "users.db" FOUND
[06.05.23|13:03:41] TABLE: "Users" FOUND
[06.05.23|13:03:41] DATABASE: "posts.db" FOUND
[06.05.23|13:03:41] TABLE: "Posts" FOUND
[06.05.23|13:03:41] DATABASE: "comments.db" FOUND
[06.05.23|13:03:41] TABLE: "Comments" FOUND
[06.05.23|13:03:42] Folder: "/db" FOUND
[06.05.23|13:03:42] DATABASE: "users.db" FOUND
[06.05.23|13:03:42] TABLE: "Users" FOUND
[06.05.23|13:03:42] DATABASE: "posts.db" FOUND
[06.05.23|13:03:42] TABLE: "Posts" FOUND
[06.05.23|13:03:42] DATABASE: "comments.db" FOUND
[06.05.23|13:03:42] TABLE: "Comments" FOUND
[06.05.23|13:05:05] USER: "Omkar_7" ADDED TO DATABASE
[06.05.23|13:05:21] 1 POINTS ADDED TO "Omkar_7"
[06.05.23|13:05:21] USER: "Omkar_7" LOGGED IN
[06.05.23|13:06:01] POST: "Bikes" POSTED
[06.05.23|13:06:01] 20 POINTS ADDED TO "Omkar_7"
[06.05.23|13:06:09] USER: "omkar_7" FOUND
[06.05.23|13:06:09] USER: "omkar_7"s PAGE LOADED
[06.05.23|13:06:31] USER: "omkar_7" FOUND
[06.05.23|13:06:31] USER: "omkar_7"s PAGE LOADED
[06.05.23|13:06:38] USER: "Omkar_7" LOGGED OUT
[14.05.23|00:24:05] Folder: "/db" FOUND
[14.05.23|00:24:05] DATABASE: "users.db" FOUND
[14.05.23|00:24:05] TABLE: "Users" FOUND
[14.05.23|00:24:05] DATABASE: "posts.db" FOUND
[14.05.23|00:24:05] TABLE: "Posts" FOUND
[14.05.23|00:24:05] DATABASE: "comments.db" FOUND
[14.05.23|00:24:05] TABLE: "Comments" FOUND
[14.05.23|00:24:05] Folder: "/db" FOUND
[14.05.23|00:24:05] DATABASE: "users.db" FOUND
[14.05.23|00:24:05] TABLE: "Users" FOUND
[14.05.23|00:24:05] DATABASE: "posts.db" FOUND
[14.05.23|00:24:05] TABLE: "Posts" FOUND
[14.05.23|00:24:05] DATABASE: "comments.db" FOUND
[14.05.23|00:24:05] TABLE: "Comments" FOUND
[18.05.23|12:14:36] Folder: "/db" FOUND
[18.05.23|12:14:36] DATABASE: "users.db" FOUND
[18.05.23|12:14:36] TABLE: "Users" FOUND
[18.05.23|12:14:36] DATABASE: "posts.db" FOUND
[18.05.23|12:14:36] TABLE: "Posts" FOUND
[18.05.23|12:14:36] DATABASE: "comments.db" FOUND
[18.05.23|12:14:36] TABLE: "Comments" FOUND
[18.05.23|12:14:37] Folder: "/db" FOUND
[18.05.23|12:14:37] DATABASE: "users.db" FOUND
[18.05.23|12:14:37] TABLE: "Users" FOUND
[18.05.23|12:14:37] DATABASE: "posts.db" FOUND
[18.05.23|12:14:37] TABLE: "Posts" FOUND
[18.05.23|12:14:37] DATABASE: "comments.db" FOUND
[18.05.23|12:14:37] TABLE: "Comments" FOUND
[18.05.23|12:15:29] USER: "malllu_mk" ADDED TO DATABASE
[18.05.23|12:15:42] USER: "mallu_mk" NOT FOUND
[18.05.23|12:15:49] USER: "mallu_mk" NOT FOUND
[18.05.23|12:15:56] USER: "mallu_mk" NOT FOUND
[18.05.23|12:18:15] USER: "mallu_m" ADDED TO DATABASE
[18.05.23|12:18:26] 1 POINTS ADDED TO "mallu_m"
[18.05.23|12:18:26] USER: "mallu_m" LOGGED IN
[18.05.23|12:18:50] POST: "Travel" POSTED
[18.05.23|12:18:50] 20 POINTS ADDED TO "mallu_m"
[18.05.23|12:19:08] POST: "10" FOUND
[18.05.23|12:19:10] USER: "mallu_m" FOUND
[18.05.23|12:19:10] USER: "mallu_m"s PAGE LOADED
[18.05.23|12:19:30] USER: "mallu_m" FOUND
[18.05.23|12:19:30] USER: "mallu_m"s PAGE LOADED
[18.05.23|12:19:44] USER: "mallu_m" LOGGED OUT
[18.05.23|15:13:32] Folder: "/db" FOUND
[18.05.23|15:13:32] DATABASE: "users.db" FOUND
[18.05.23|15:13:32] TABLE: "Users" FOUND
[18.05.23|15:13:32] DATABASE: "posts.db" FOUND
[18.05.23|15:13:32] TABLE: "Posts" FOUND
[18.05.23|15:13:32] DATABASE: "comments.db" FOUND
[18.05.23|15:13:32] TABLE: "Comments" FOUND
[18.05.23|15:13:32] Folder: "/db" FOUND
[18.05.23|15:13:32] DATABASE: "users.db" FOUND
[18.05.23|15:13:32] TABLE: "Users" FOUND
[18.05.23|15:13:32] DATABASE: "posts.db" FOUND
[18.05.23|15:13:32] TABLE: "Posts" FOUND
[18.05.23|15:13:32] DATABASE: "comments.db" FOUND
[18.05.23|15:13:32] TABLE: "Comments" FOUND
[18.05.23|15:14:15] USER: "nisham" ADDED TO DATABASE
[18.05.23|15:14:28] 1 POINTS ADDED TO "nisham"
[18.05.23|15:14:28] USER: "nisham" LOGGED IN
[18.05.23|15:15:45] POST: "Success" POSTED
[18.05.23|15:15:45] 20 POINTS ADDED TO "nisham"
[18.05.23|15:15:55] USER: "nisham" FOUND
[18.05.23|15:15:55] USER: "nisham"s PAGE LOADED
[18.05.23|15:16:22] USER: "nisham" FOUND
[18.05.23|15:16:22] USER: "nisham"s PAGE LOADED
[18.05.23|15:16:29] USER: "nisham" FOUND
[18.05.23|15:16:29] USER: "nisham"s PAGE LOADED
[18.05.23|15:16:49] USER: "nisham" LOGGED OUT
[18.05.23|15:17:26] USER NOT LOGGED IN
[26.05.23|23:08:10] Folder: "/db" FOUND
[26.05.23|23:08:10] DATABASE: "users.db" FOUND
[26.05.23|23:08:10] TABLE: "Users" FOUND
[26.05.23|23:08:10] DATABASE: "posts.db" FOUND
[26.05.23|23:08:10] TABLE: "Posts" FOUND
[26.05.23|23:08:10] DATABASE: "comments.db" FOUND
[26.05.23|23:08:10] TABLE: "Comments" FOUND
[26.05.23|23:08:10] Folder: "/db" FOUND
[26.05.23|23:08:10] DATABASE: "users.db" FOUND
[26.05.23|23:08:10] TABLE: "Users" FOUND
[26.05.23|23:08:10] DATABASE: "posts.db" FOUND
[26.05.23|23:08:10] TABLE: "Posts" FOUND
[26.05.23|23:08:10] DATABASE: "comments.db" FOUND
[26.05.23|23:08:10] TABLE: "Comments" FOUND
[27.05.23|18:51:33] Folder: "/db" FOUND
[27.05.23|18:51:33] DATABASE: "users.db" FOUND
[27.05.23|18:51:33] TABLE: "Users" FOUND
[27.05.23|18:51:33] DATABASE: "posts.db" FOUND
[27.05.23|18:51:33] TABLE: "Posts" FOUND
[27.05.23|18:51:33] DATABASE: "comments.db" FOUND
[27.05.23|18:51:33] TABLE: "Comments" FOUND
[27.05.23|18:51:34] Folder: "/db" FOUND
[27.05.23|18:51:34] DATABASE: "users.db" FOUND
[27.05.23|18:51:34] TABLE: "Users" FOUND
[27.05.23|18:51:34] DATABASE: "posts.db" FOUND
[27.05.23|18:51:34] TABLE: "Posts" FOUND
[27.05.23|18:51:34] DATABASE: "comments.db" FOUND
[27.05.23|18:51:34] TABLE: "Comments" FOUND
[27.05.23|18:53:17] USER: "AmolBoga@" ADDED TO DATABASE
[27.05.23|18:53:35] 1 POINTS ADDED TO "AmolBoga@"
[27.05.23|18:53:35] USER: "AmolBoga@" LOGGED IN
[27.05.23|18:54:44] POST: "Universe" POSTED
[27.05.23|18:54:44] 20 POINTS ADDED TO "AmolBoga@"
[27.05.23|18:55:04] POST: "12" FOUND
[27.05.23|18:55:07] USER: "amolboga@" FOUND
[27.05.23|18:55:07] USER: "amolboga@"s PAGE LOADED
[27.05.23|18:57:28] USER: "AmolBoga@" LOGGED OUT
[02.06.23|14:54:10] Folder: "/db" FOUND
[02.06.23|14:54:10] DATABASE: "users.db" FOUND
[02.06.23|14:54:10] TABLE: "Users" FOUND
[02.06.23|14:54:10] DATABASE: "posts.db" FOUND
[02.06.23|14:54:10] TABLE: "Posts" FOUND
[02.06.23|14:54:10] DATABASE: "comments.db" FOUND
[02.06.23|14:54:10] TABLE: "Comments" FOUND
[02.06.23|14:54:10] Folder: "/db" FOUND
[02.06.23|14:54:10] DATABASE: "users.db" FOUND
[02.06.23|14:54:10] TABLE: "Users" FOUND
[02.06.23|14:54:10] DATABASE: "posts.db" FOUND
[02.06.23|14:54:10] TABLE: "Posts" FOUND
[02.06.23|14:54:10] DATABASE: "comments.db" FOUND
[02.06.23|14:54:10] TABLE: "Comments" FOUND
[10.07.23|11:50:04] Folder: "/db" FOUND
[10.07.23|11:50:04] DATABASE: "users.db" FOUND
[10.07.23|11:50:04] TABLE: "Users" FOUND
[10.07.23|11:50:04] DATABASE: "posts.db" FOUND
[10.07.23|11:50:04] TABLE: "Posts" FOUND
[10.07.23|11:50:04] DATABASE: "comments.db" FOUND
[10.07.23|11:50:04] TABLE: "Comments" FOUND
[10.07.23|11:50:05] Folder: "/db" FOUND
[10.07.23|11:50:05] DATABASE: "users.db" FOUND
[10.07.23|11:50:05] TABLE: "Users" FOUND
[10.07.23|11:50:05] DATABASE: "posts.db" FOUND
[10.07.23|11:50:05] TABLE: "Posts" FOUND
[10.07.23|11:50:05] DATABASE: "comments.db" FOUND
[10.07.23|11:50:05] TABLE: "Comments" FOUND
[10.07.23|11:53:22] Folder: "/db" FOUND
[10.07.23|11:53:22] DATABASE: "users.db" FOUND
[10.07.23|11:53:22] TABLE: "Users" FOUND
[10.07.23|11:53:22] DATABASE: "posts.db" FOUND
[10.07.23|11:53:22] TABLE: "Posts" FOUND
[10.07.23|11:53:22] DATABASE: "comments.db" FOUND
[10.07.23|11:53:22] TABLE: "Comments" FOUND
[10.07.23|11:53:23] Folder: "/db" FOUND
[10.07.23|11:53:23] DATABASE: "users.db" FOUND
[10.07.23|11:53:23] TABLE: "Users" FOUND
[10.07.23|11:53:23] DATABASE: "posts.db" FOUND
[10.07.23|11:53:23] TABLE: "Posts" FOUND
[10.07.23|11:53:23] DATABASE: "comments.db" FOUND
[10.07.23|11:53:23] TABLE: "Comments" FOUND
[10.07.23|12:08:03] Folder: "/db" FOUND
[10.07.23|12:08:03] DATABASE: "users.db" FOUND
[10.07.23|12:08:03] TABLE: "Users" FOUND
[10.07.23|12:08:03] DATABASE: "posts.db" FOUND
[10.07.23|12:08:03] TABLE: "Posts" FOUND
[10.07.23|12:08:03] DATABASE: "comments.db" FOUND
[10.07.23|12:08:03] TABLE: "Comments" FOUND
[10.07.23|12:08:04] Folder: "/db" FOUND
[10.07.23|12:08:04] DATABASE: "users.db" FOUND
[10.07.23|12:08:04] TABLE: "Users" FOUND
[10.07.23|12:08:04] DATABASE: "posts.db" FOUND
[10.07.23|12:08:04] TABLE: "Posts" FOUND
[10.07.23|12:08:04] DATABASE: "comments.db" FOUND
[10.07.23|12:08:04] TABLE: "Comments" FOUND
[10.07.23|12:08:24] Folder: "/db" FOUND
[10.07.23|12:08:24] DATABASE: "users.db" FOUND
[10.07.23|12:08:24] TABLE: "Users" FOUND
[10.07.23|12:08:24] DATABASE: "posts.db" FOUND
[10.07.23|12:08:24] TABLE: "Posts" FOUND
[10.07.23|12:08:24] DATABASE: "comments.db" FOUND
[10.07.23|12:08:24] TABLE: "Comments" FOUND
[10.07.23|12:08:24] Folder: "/db" FOUND
[10.07.23|12:08:24] DATABASE: "users.db" FOUND
[10.07.23|12:08:24] TABLE: "Users" FOUND
[10.07.23|12:08:24] DATABASE: "posts.db" FOUND
[10.07.23|12:08:24] TABLE: "Posts" FOUND
[10.07.23|12:08:24] DATABASE: "comments.db" FOUND
[10.07.23|12:08:24] TABLE: "Comments" FOUND
[10.07.23|12:09:43] THIS EMAIL "nisha@gmail.com" IS UNAVAILABLE 
[10.07.23|12:10:14] USER: "nisha05" ADDED TO DATABASE
[10.07.23|12:10:33] 1 POINTS ADDED TO "nisha05"
[10.07.23|12:10:33] USER: "nisha05" LOGGED IN
[10.07.23|12:11:14] POST: "mca2022" POSTED
[10.07.23|12:11:14] 20 POINTS ADDED TO "nisha05"
[10.07.23|12:15:20] USER: "nisha05" LOGGED OUT
[10.09.23|23:48:35] Folder: "/db" FOUND
[10.09.23|23:48:35] DATABASE: "users.db" FOUND
[10.09.23|23:48:35] TABLE: "Users" FOUND
[10.09.23|23:48:35] DATABASE: "posts.db" FOUND
[10.09.23|23:48:35] TABLE: "Posts" FOUND
[10.09.23|23:48:35] DATABASE: "comments.db" FOUND
[10.09.23|23:48:35] TABLE: "Comments" FOUND
[10.09.23|23:48:36] Folder: "/db" FOUND
[10.09.23|23:48:36] DATABASE: "users.db" FOUND
[10.09.23|23:48:36] TABLE: "Users" FOUND
[10.09.23|23:48:36] DATABASE: "posts.db" FOUND
[10.09.23|23:48:36] TABLE: "Posts" FOUND
[10.09.23|23:48:36] DATABASE: "comments.db" FOUND
[10.09.23|23:48:36] TABLE: "Comments" FOUND
[10.09.23|23:50:06] USER: "Shriniwas_7" ADDED TO DATABASE
[10.09.23|23:50:25] USER: "Shrinivas_7" NOT FOUND
[10.09.23|23:50:32] USER: "Shrinivas_7" NOT FOUND
[10.09.23|23:50:43] USER: "Shrinivas_7" NOT FOUND
[10.09.23|23:50:57] USER: "Shrinivas_7" NOT FOUND
[10.09.23|23:51:57] USER: "Vinod_7" ADDED TO DATABASE
[10.09.23|23:52:10] 1 POINTS ADDED TO "Vinod_7"
[10.09.23|23:52:10] USER: "Vinod_7" LOGGED IN
[10.09.23|23:52:38] POST: "Hello" POSTED
[10.09.23|23:52:38] 20 POINTS ADDED TO "Vinod_7"
[10.09.23|23:52:50] USER: "vinod_7" FOUND
[10.09.23|23:52:50] USER: "vinod_7"s PAGE LOADED
[10.09.23|23:53:02] USER: "vinod_7" FOUND
[10.09.23|23:53:02] USER: "vinod_7"s PAGE LOADED
[10.09.23|23:54:54] USER: "Vinod_7" LOGGED OUT
[10.09.23|23:55:28] USER: "Tushar_7" ADDED TO DATABASE
[10.09.23|23:55:41] 1 POINTS ADDED TO "Tushar_7"
[10.09.23|23:55:41] USER: "Tushar_7" LOGGED IN
[10.09.23|23:55:47] POST: "14" FOUND
[10.09.23|23:55:55] USER: "Tushar_7" LOGGED OUT
[10.09.23|23:56:08] 1 POINTS ADDED TO "Vinod_7"
[10.09.23|23:56:08] USER: "Vinod_7" LOGGED IN
[10.09.23|23:56:10] USER: "vinod_7" FOUND
[10.09.23|23:56:10] USER: "vinod_7"s PAGE LOADED
[10.09.23|23:56:16] POST: "14" FOUND
[10.09.23|23:56:36] USER: "Vinod_7" LOGGED OUT
[10.09.23|23:56:52] 1 POINTS ADDED TO "Vinod_7"
[10.09.23|23:56:52] USER: "Vinod_7" LOGGED IN
[10.09.23|23:56:53] USER: "vinod_7" FOUND
[10.09.23|23:56:53] USER: "vinod_7"s PAGE LOADED
[10.09.23|23:57:03] USER: "vinod_7" FOUND
[10.09.23|23:57:03] USER: "vinod_7"s PAGE LOADED
[10.09.23|23:57:27] USER: "Vinod_7" LOGGED OUT
[11.09.23|00:19:13] POST: "1" FOUND
[11.09.23|00:19:31] POST: "2" FOUND
[11.09.23|00:19:47] POST: "3" FOUND
[11.09.23|00:20:00] USER: "asyaurker" FOUND
[11.09.23|00:20:00] USER: "asyaurker"s PAGE LOADED
[11.09.23|00:20:15] POST: "8" FOUND
[11.09.23|00:20:21] POST: "9" FOUND
[11.09.23|00:20:32] POST: "13" FOUND
[11.09.23|00:21:11] Folder: "/db" FOUND
[11.09.23|00:21:11] DATABASE: "users.db" FOUND
[11.09.23|00:21:11] TABLE: "Users" FOUND
[11.09.23|00:21:11] DATABASE: "posts.db" FOUND
[11.09.23|00:21:11] TABLE: "Posts" FOUND
[11.09.23|00:21:11] DATABASE: "comments.db" FOUND
[11.09.23|00:21:11] TABLE: "Comments" FOUND
[11.09.23|00:21:11] Folder: "/db" FOUND
[11.09.23|00:21:11] DATABASE: "users.db" FOUND
[11.09.23|00:21:11] TABLE: "Users" FOUND
[11.09.23|00:21:11] DATABASE: "posts.db" FOUND
[11.09.23|00:21:11] TABLE: "Posts" FOUND
[11.09.23|00:21:11] DATABASE: "comments.db" FOUND
[11.09.23|00:21:11] TABLE: "Comments" FOUND
[11.09.23|00:22:23] Folder: "/db" FOUND
[11.09.23|00:22:23] DATABASE: "users.db" FOUND
[11.09.23|00:22:23] TABLE: "Users" FOUND
[11.09.23|00:22:23] DATABASE: "posts.db" FOUND
[11.09.23|00:22:23] TABLE: "Posts" FOUND
[11.09.23|00:22:23] DATABASE: "comments.db" FOUND
[11.09.23|00:22:23] TABLE: "Comments" FOUND
[11.09.23|00:22:24] Folder: "/db" FOUND
[11.09.23|00:22:24] DATABASE: "users.db" FOUND
[11.09.23|00:22:24] TABLE: "Users" FOUND
[11.09.23|00:22:24] DATABASE: "posts.db" FOUND
[11.09.23|00:22:24] TABLE: "Posts" FOUND
[11.09.23|00:22:24] DATABASE: "comments.db" FOUND
[11.09.23|00:22:24] TABLE: "Comments" FOUND
[11.09.23|09:20:38] Folder: "/db" FOUND
[11.09.23|09:20:38] DATABASE: "users.db" FOUND
[11.09.23|09:20:38] TABLE: "Users" FOUND
[11.09.23|09:20:38] DATABASE: "posts.db" FOUND
[11.09.23|09:20:38] TABLE: "Posts" FOUND
[11.09.23|09:20:38] DATABASE: "comments.db" FOUND
[11.09.23|09:20:38] TABLE: "Comments" FOUND
[11.09.23|09:20:38] Folder: "/db" FOUND
[11.09.23|09:20:38] DATABASE: "users.db" FOUND
[11.09.23|09:20:38] TABLE: "Users" FOUND
[11.09.23|09:20:38] DATABASE: "posts.db" FOUND
[11.09.23|09:20:38] TABLE: "Posts" FOUND
[11.09.23|09:20:38] DATABASE: "comments.db" FOUND
[11.09.23|09:20:38] TABLE: "Comments" FOUND
[11.09.23|09:23:54] USER: "mr.Nik's" ADDED TO DATABASE
[11.09.23|09:24:16] 1 POINTS ADDED TO "mr.Nik's"
[11.09.23|09:24:16] USER: "mr.Nik's" LOGGED IN
[11.09.23|09:33:50] Folder: "/db" FOUND
[11.09.23|09:33:50] DATABASE: "users.db" FOUND
[11.09.23|09:33:50] TABLE: "Users" FOUND
[11.09.23|09:33:50] DATABASE: "posts.db" FOUND
[11.09.23|09:33:50] TABLE: "Posts" FOUND
[11.09.23|09:33:50] DATABASE: "comments.db" FOUND
[11.09.23|09:33:50] TABLE: "Comments" FOUND
[11.09.23|09:33:51] Folder: "/db" FOUND
[11.09.23|09:33:51] DATABASE: "users.db" FOUND
[11.09.23|09:33:51] TABLE: "Users" FOUND
[11.09.23|09:33:51] DATABASE: "posts.db" FOUND
[11.09.23|09:33:51] TABLE: "Posts" FOUND
[11.09.23|09:33:51] DATABASE: "comments.db" FOUND
[11.09.23|09:33:51] TABLE: "Comments" FOUND
[11.09.23|09:34:51] Folder: "/db" FOUND
[11.09.23|09:34:51] DATABASE: "users.db" FOUND
[11.09.23|09:34:51] TABLE: "Users" FOUND
[11.09.23|09:34:51] DATABASE: "posts.db" FOUND
[11.09.23|09:34:51] TABLE: "Posts" FOUND
[11.09.23|09:34:51] DATABASE: "comments.db" FOUND
[11.09.23|09:34:51] TABLE: "Comments" FOUND
[11.09.23|09:34:52] Folder: "/db" FOUND
[11.09.23|09:34:52] DATABASE: "users.db" FOUND
[11.09.23|09:34:52] TABLE: "Users" FOUND
[11.09.23|09:34:52] DATABASE: "posts.db" FOUND
[11.09.23|09:34:52] TABLE: "Posts" FOUND
[11.09.23|09:34:52] DATABASE: "comments.db" FOUND
[11.09.23|09:34:52] TABLE: "Comments" FOUND
[11.09.23|09:35:39] Folder: "/db" FOUND
[11.09.23|09:35:39] DATABASE: "users.db" FOUND
[11.09.23|09:35:39] TABLE: "Users" FOUND
[11.09.23|09:35:39] DATABASE: "posts.db" FOUND
[11.09.23|09:35:39] TABLE: "Posts" FOUND
[11.09.23|09:35:39] DATABASE: "comments.db" FOUND
[11.09.23|09:35:39] TABLE: "Comments" FOUND
[11.09.23|09:35:39] Folder: "/db" FOUND
[11.09.23|09:35:39] DATABASE: "users.db" FOUND
[11.09.23|09:35:39] TABLE: "Users" FOUND
[11.09.23|09:35:39] DATABASE: "posts.db" FOUND
[11.09.23|09:35:39] TABLE: "Posts" FOUND
[11.09.23|09:35:39] DATABASE: "comments.db" FOUND
[11.09.23|09:35:39] TABLE: "Comments" FOUND
[11.09.23|09:35:51] Folder: "/db" FOUND
[11.09.23|09:35:51] DATABASE: "users.db" FOUND
[11.09.23|09:35:51] TABLE: "Users" FOUND
[11.09.23|09:35:51] DATABASE: "posts.db" FOUND
[11.09.23|09:35:51] TABLE: "Posts" FOUND
[11.09.23|09:35:51] DATABASE: "comments.db" FOUND
[11.09.23|09:35:51] TABLE: "Comments" FOUND
[11.09.23|09:35:51] Folder: "/db" FOUND
[11.09.23|09:35:51] DATABASE: "users.db" FOUND
[11.09.23|09:35:51] TABLE: "Users" FOUND
[11.09.23|09:35:51] DATABASE: "posts.db" FOUND
[11.09.23|09:35:51] TABLE: "Posts" FOUND
[11.09.23|09:35:51] DATABASE: "comments.db" FOUND
[11.09.23|09:35:51] TABLE: "Comments" FOUND
[11.09.23|09:36:32] Folder: "/db" FOUND
[11.09.23|09:36:32] DATABASE: "users.db" FOUND
[11.09.23|09:36:32] TABLE: "Users" FOUND
[11.09.23|09:36:32] DATABASE: "posts.db" FOUND
[11.09.23|09:36:32] TABLE: "Posts" FOUND
[11.09.23|09:36:32] DATABASE: "comments.db" FOUND
[11.09.23|09:36:32] TABLE: "Comments" FOUND
[11.09.23|09:36:32] Folder: "/db" FOUND
[11.09.23|09:36:32] DATABASE: "users.db" FOUND
[11.09.23|09:36:32] TABLE: "Users" FOUND
[11.09.23|09:36:32] DATABASE: "posts.db" FOUND
[11.09.23|09:36:32] TABLE: "Posts" FOUND
[11.09.23|09:36:32] DATABASE: "comments.db" FOUND
[11.09.23|09:36:32] TABLE: "Comments" FOUND
[11.09.23|09:37:17] Folder: "/db" FOUND
[11.09.23|09:37:17] DATABASE: "users.db" FOUND
[11.09.23|09:37:17] TABLE: "Users" FOUND
[11.09.23|09:37:17] DATABASE: "posts.db" FOUND
[11.09.23|09:37:17] TABLE: "Posts" FOUND
[11.09.23|09:37:17] DATABASE: "comments.db" FOUND
[11.09.23|09:37:17] TABLE: "Comments" FOUND
[11.09.23|09:37:33] Folder: "/db" FOUND
[11.09.23|09:37:33] DATABASE: "users.db" FOUND
[11.09.23|09:37:33] TABLE: "Users" FOUND
[11.09.23|09:37:33] DATABASE: "posts.db" FOUND
[11.09.23|09:37:33] TABLE: "Posts" FOUND
[11.09.23|09:37:33] DATABASE: "comments.db" FOUND
[11.09.23|09:37:33] TABLE: "Comments" FOUND
[11.09.23|09:37:34] Folder: "/db" FOUND
[11.09.23|09:37:34] DATABASE: "users.db" FOUND
[11.09.23|09:37:34] TABLE: "Users" FOUND
[11.09.23|09:37:34] DATABASE: "posts.db" FOUND
[11.09.23|09:37:34] TABLE: "Posts" FOUND
[11.09.23|09:37:34] DATABASE: "comments.db" FOUND
[11.09.23|09:37:34] TABLE: "Comments" FOUND
[11.09.23|09:38:04] Folder: "/db" FOUND
[11.09.23|09:38:04] DATABASE: "users.db" FOUND
[11.09.23|09:38:04] TABLE: "Users" FOUND
[11.09.23|09:38:04] DATABASE: "posts.db" FOUND
[11.09.23|09:38:04] TABLE: "Posts" FOUND
[11.09.23|09:38:04] DATABASE: "comments.db" FOUND
[11.09.23|09:38:04] TABLE: "Comments" FOUND
[11.09.23|09:38:07] Folder: "/db" FOUND
[11.09.23|09:38:07] DATABASE: "users.db" FOUND
[11.09.23|09:38:07] TABLE: "Users" FOUND
[11.09.23|09:38:07] DATABASE: "posts.db" FOUND
[11.09.23|09:38:07] TABLE: "Posts" FOUND
[11.09.23|09:38:07] DATABASE: "comments.db" FOUND
[11.09.23|09:38:07] TABLE: "Comments" FOUND
[11.09.23|09:38:08] Folder: "/db" FOUND
[11.09.23|09:38:08] DATABASE: "users.db" FOUND
[11.09.23|09:38:08] TABLE: "Users" FOUND
[11.09.23|09:38:08] DATABASE: "posts.db" FOUND
[11.09.23|09:38:08] TABLE: "Posts" FOUND
[11.09.23|09:38:08] DATABASE: "comments.db" FOUND
[11.09.23|09:38:08] TABLE: "Comments" FOUND
[11.09.23|09:38:47] 1 POINTS ADDED TO "mr.Nik's"
[11.09.23|09:38:47] USER: "mr.Nik's" LOGGED IN
[11.09.23|09:41:44] POST: "Hello" POSTED
[11.09.23|09:41:44] 20 POINTS ADDED TO "mr.Nik's"
[11.09.23|10:00:59] POST: "14" FOUND
[11.09.23|10:01:08] USER: "mr.Nik's" ALREADY LOGGED IN
[11.09.23|10:01:11] USER: "mr.nik's" FOUND
[11.09.23|10:01:11] USER: "mr.nik's"s PAGE LOADED
[11.09.23|10:01:28] POST: "1" FOUND
[11.09.23|10:19:16] POST: "Hello " POSTED
[11.09.23|10:19:16] 20 POINTS ADDED TO "mr.Nik's"
[22.12.24|13:03:49] Folder: "/db" FOUND
[22.12.24|13:03:49] DATABASE: "users.db" FOUND
[22.12.24|13:03:49] TABLE: "Users" FOUND
[22.12.24|13:03:49] DATABASE: "posts.db" FOUND
[22.12.24|13:03:49] TABLE: "Posts" FOUND
[22.12.24|13:03:49] DATABASE: "comments.db" FOUND
[22.12.24|13:03:49] TABLE: "Comments" FOUND
[22.12.24|13:03:50] Folder: "/db" FOUND
[22.12.24|13:03:50] DATABASE: "users.db" FOUND
[22.12.24|13:03:50] TABLE: "Users" FOUND
[22.12.24|13:03:50] DATABASE: "posts.db" FOUND
[22.12.24|13:03:50] TABLE: "Posts" FOUND
[22.12.24|13:03:50] DATABASE: "comments.db" FOUND
[22.12.24|13:03:50] TABLE: "Comments" FOUND
[22.12.24|13:05:22] USER: "Nilesh" ADDED TO DATABASE
[22.12.24|13:05:37] 1 POINTS ADDED TO "Nilesh"
[22.12.24|13:05:37] USER: "Nilesh" LOGGED IN
[22.12.24|13:05:41] USER: "nilesh" FOUND
[22.12.24|13:05:41] USER: "nilesh"s PAGE LOADED
[22.12.24|13:06:55] POST: "Travelling" POSTED
[22.12.24|13:06:56] 20 POINTS ADDED TO "Nilesh"
[22.12.24|13:07:31] POST: "17" FOUND
[22.12.24|13:19:56] Folder: "/db" FOUND
[22.12.24|13:19:56] DATABASE: "users.db" FOUND
[22.12.24|13:19:56] TABLE: "Users" FOUND
[22.12.24|13:19:56] DATABASE: "posts.db" FOUND
[22.12.24|13:19:56] TABLE: "Posts" FOUND
[22.12.24|13:19:56] DATABASE: "comments.db" FOUND
[22.12.24|13:19:56] TABLE: "Comments" FOUND
[22.12.24|13:19:56] Folder: "/db" FOUND
[22.12.24|13:19:56] DATABASE: "users.db" FOUND
[22.12.24|13:19:56] TABLE: "Users" FOUND
[22.12.24|13:19:56] DATABASE: "posts.db" FOUND
[22.12.24|13:19:56] TABLE: "Posts" FOUND
[22.12.24|13:19:56] DATABASE: "comments.db" FOUND
[22.12.24|13:19:56] TABLE: "Comments" FOUND
[22.12.24|13:23:36] Folder: "/db" FOUND
[22.12.24|13:23:36] DATABASE: "users.db" FOUND
[22.12.24|13:23:36] TABLE: "Users" FOUND
[22.12.24|13:23:36] DATABASE: "posts.db" FOUND
[22.12.24|13:23:36] TABLE: "Posts" FOUND
[22.12.24|13:23:36] DATABASE: "comments.db" FOUND
[22.12.24|13:23:36] TABLE: "Comments" FOUND
[22.12.24|13:36:02] Folder: "/db" FOUND
[22.12.24|13:36:02] DATABASE: "users.db" FOUND
[22.12.24|13:36:02] TABLE: "Users" FOUND
[22.12.24|13:36:02] DATABASE: "posts.db" FOUND
[22.12.24|13:36:02] TABLE: "Posts" FOUND
[22.12.24|13:36:02] DATABASE: "comments.db" FOUND
[22.12.24|13:36:02] TABLE: "Comments" FOUND
[22.12.24|13:36:02] Folder: "/db" FOUND
[22.12.24|13:36:02] DATABASE: "users.db" FOUND
[22.12.24|13:36:02] TABLE: "Users" FOUND
[22.12.24|13:36:02] DATABASE: "posts.db" FOUND
[22.12.24|13:36:02] TABLE: "Posts" FOUND
[22.12.24|13:36:02] DATABASE: "comments.db" FOUND
[22.12.24|13:36:02] TABLE: "Comments" FOUND
[22.12.24|13:36:26] Folder: "/db" FOUND
[22.12.24|13:36:26] DATABASE: "users.db" FOUND
[22.12.24|13:36:26] TABLE: "Users" FOUND
[22.12.24|13:36:26] DATABASE: "posts.db" FOUND
[22.12.24|13:36:26] TABLE: "Posts" FOUND
[22.12.24|13:36:26] DATABASE: "comments.db" FOUND
[22.12.24|13:36:26] TABLE: "Comments" FOUND
[22.12.24|13:36:26] Folder: "/db" FOUND
[22.12.24|13:36:26] DATABASE: "users.db" FOUND
[22.12.24|13:36:26] TABLE: "Users" FOUND
[22.12.24|13:36:26] DATABASE: "posts.db" FOUND
[22.12.24|13:36:26] TABLE: "Posts" FOUND
[22.12.24|13:36:26] DATABASE: "comments.db" FOUND
[22.12.24|13:36:26] TABLE: "Comments" FOUND
[22.12.24|13:37:05] Folder: "/db" FOUND
[22.12.24|13:37:05] DATABASE: "users.db" FOUND
[22.12.24|13:37:05] TABLE: "Users" FOUND
[22.12.24|13:37:05] DATABASE: "posts.db" FOUND
[22.12.24|13:37:05] TABLE: "Posts" FOUND
[22.12.24|13:37:05] DATABASE: "comments.db" FOUND
[22.12.24|13:37:05] TABLE: "Comments" FOUND
[22.12.24|13:37:05] Folder: "/db" FOUND
[22.12.24|13:37:05] DATABASE: "users.db" FOUND
[22.12.24|13:37:05] TABLE: "Users" FOUND
[22.12.24|13:37:05] DATABASE: "posts.db" FOUND
[22.12.24|13:37:05] TABLE: "Posts" FOUND
[22.12.24|13:37:05] DATABASE: "comments.db" FOUND
[22.12.24|13:37:05] TABLE: "Comments" FOUND
[28.02.25|18:13:50] Folder: "/db" FOUND
[28.02.25|18:13:50] DATABASE: "users.db" FOUND
[28.02.25|18:13:50] TABLE: "Users" FOUND
[28.02.25|18:13:50] DATABASE: "posts.db" FOUND
[28.02.25|18:13:50] TABLE: "Posts" FOUND
[28.02.25|18:13:50] DATABASE: "comments.db" FOUND
[28.02.25|18:13:50] TABLE: "Comments" FOUND
[28.02.25|18:13:51] Folder: "/db" FOUND
[28.02.25|18:13:51] DATABASE: "users.db" FOUND
[28.02.25|18:13:51] TABLE: "Users" FOUND
[28.02.25|18:13:51] DATABASE: "posts.db" FOUND
[28.02.25|18:13:51] TABLE: "Posts" FOUND
[28.02.25|18:13:51] DATABASE: "comments.db" FOUND
[28.02.25|18:13:51] TABLE: "Comments" FOUND
[28.02.25|18:26:49] Folder: "/db" FOUND
[28.02.25|18:26:49] DATABASE: "users.db" FOUND
[28.02.25|18:26:49] TABLE: "Users" FOUND
[28.02.25|18:26:49] DATABASE: "posts.db" FOUND
[28.02.25|18:26:49] TABLE: "Posts" FOUND
[28.02.25|18:26:49] DATABASE: "comments.db" FOUND
[28.02.25|18:26:49] TABLE: "Comments" FOUND
[28.02.25|18:26:49] Folder: "/db" FOUND
[28.02.25|18:26:49] DATABASE: "users.db" FOUND
[28.02.25|18:26:49] TABLE: "Users" FOUND
[28.02.25|18:26:49] DATABASE: "posts.db" FOUND
[28.02.25|18:26:49] TABLE: "Posts" FOUND
[28.02.25|18:26:49] DATABASE: "comments.db" FOUND
[28.02.25|18:26:49] TABLE: "Comments" FOUND
[28.02.25|18:28:40] Folder: "/db" FOUND
[28.02.25|18:28:40] DATABASE: "users.db" FOUND
[28.02.25|18:28:40] TABLE: "Users" FOUND
[28.02.25|18:28:40] DATABASE: "posts.db" FOUND
[28.02.25|18:28:40] TABLE: "Posts" FOUND
[28.02.25|18:28:40] DATABASE: "comments.db" FOUND
[28.02.25|18:28:40] TABLE: "Comments" FOUND
[28.02.25|18:28:41] Folder: "/db" FOUND
[28.02.25|18:28:41] DATABASE: "users.db" FOUND
[28.02.25|18:28:41] TABLE: "Users" FOUND
[28.02.25|18:28:41] DATABASE: "posts.db" FOUND
[28.02.25|18:28:41] TABLE: "Posts" FOUND
[28.02.25|18:28:41] DATABASE: "comments.db" FOUND
[28.02.25|18:28:41] TABLE: "Comments" FOUND
[28.02.25|18:30:16] Folder: "/db" FOUND
[28.02.25|18:30:16] DATABASE: "users.db" FOUND
[28.02.25|18:30:16] TABLE: "Users" FOUND
[28.02.25|18:30:16] DATABASE: "posts.db" FOUND
[28.02.25|18:30:16] TABLE: "Posts" FOUND
[28.02.25|18:30:16] DATABASE: "comments.db" FOUND
[28.02.25|18:30:16] TABLE: "Comments" FOUND
